#
# There is insufficient memory for the Java Runtime Environment to continue.
# Native memory allocation (mmap) failed to map 268435456 bytes. Error detail: G1 virtual space
# Possible reasons:
#   The system is out of physical RAM or swap space
#   This process is running with CompressedOops enabled, and the Java Heap may be blocking the growth of the native heap
# Possible solutions:
#   Reduce memory load on the system
#   Increase physical memory or swap space
#   Check if swap backing store is full
#   Decrease Java heap size (-Xmx/-Xms)
#   Decrease number of Java threads
#   Decrease Java thread stack sizes (-Xss)
#   Set larger code cache with -XX:ReservedCodeCacheSize=
#   JVM is running with Zero Based Compressed Oops mode in which the Java heap is
#     placed in the first 32GB address space. The Java Heap base address is the
#     maximum limit for the native heap growth. Please use -XX:HeapBaseMinAddress
#     to set the Java Heap base and to place the Java Heap above 32GB virtual address.
# This output file may be truncated or incomplete.
#
#  Out of Memory Error (os_windows.cpp:3564), pid=3916, tid=9880
#
# JRE version:  (24.0+36) (build )
# Java VM: Java HotSpot(TM) 64-Bit Server VM (24+36-3646, mixed mode, sharing, tiered, compressed oops, compressed class ptrs, g1 gc, windows-amd64)
# No core dump will be written. Minidumps are not enabled by default on client versions of Windows
#

---------------  S U M M A R Y ------------

Command Line: -Dfile.encoding=UTF-8 --enable-preview --module-path=C:\Users\LBC\OneDrive\Documents\NetBeansProjects\Gestion_Pressing\build\classes View.DashboardView

Host: Intel(R) Core(TM) i7-7600U CPU @ 2.80GHz, 4 cores, 15G,  Windows 10 , 64 bit Build 19041 (10.0.19041.5915)
Time: Sat Jun 21 14:03:37 2025 Afr. centrale Ouest elapsed time: 0.157681 seconds (0d 0h 0m 0s)

---------------  T H R E A D  ---------------

Current thread (0x00000159e408c3c0):  JavaThread "Unknown thread" [_thread_in_vm, id=9880, stack(0x000000377d500000,0x000000377d600000) (1024K)]

Stack: [0x000000377d500000,0x000000377d600000]
Native frames: (J=compiled Java code, j=interpreted, Vv=VM code, C=native code)
V  [jvm.dll+0x7308c9]  (no source info available)
V  [jvm.dll+0x8d9ca3]  (no source info available)
V  [jvm.dll+0x8dc13d]  (no source info available)
V  [jvm.dll+0x8dc7b3]  (no source info available)
V  [jvm.dll+0x2aa046]  (no source info available)
V  [jvm.dll+0x72cdf5]  (no source info available)
V  [jvm.dll+0x72091a]  (no source info available)
V  [jvm.dll+0x390d8a]  (no source info available)
V  [jvm.dll+0x398a96]  (no source info available)
V  [jvm.dll+0x3852de]  (no source info available)
V  [jvm.dll+0x385598]  (no source info available)
V  [jvm.dll+0x35d16c]  (no source info available)
V  [jvm.dll+0x35de2d]  (no source info available)
V  [jvm.dll+0x89d41f]  (no source info available)
V  [jvm.dll+0x3f98fd]  (no source info available)
V  [jvm.dll+0x885a76]  (no source info available)
V  [jvm.dll+0x49604e]  (no source info available)
V  [jvm.dll+0x497e21]  (no source info available)
C  [jli.dll+0x52a1]  (no source info available)
C  [ucrtbase.dll+0x21bb2]  (no source info available)
C  [KERNEL32.DLL+0x17374]  (no source info available)
C  [ntdll.dll+0x4cc91]  (no source info available)

Lock stack of current Java thread (top to bottom):


---------------  P R O C E S S  ---------------

Threads class SMR info:
_java_thread_list=0x00007ffc502df318, length=0, elements={
}

Java Threads: ( => current thread )
Total: 0

Other Threads:
  0x00000159e4356b80 WorkerThread "GC Thread#0"                     [id=21292, stack(0x000000377d600000,0x000000377d700000) (1024K)]
  0x00000159e436b960 ConcurrentGCThread "G1 Main Marker"            [id=8664, stack(0x000000377d700000,0x000000377d800000) (1024K)]
  0x00000159e436c470 WorkerThread "G1 Conc#0"                       [id=24520, stack(0x000000377d800000,0x000000377d900000) (1024K)]

[error occurred during error reporting (printing all threads), id 0xc0000005, EXCEPTION_ACCESS_VIOLATION (0xc0000005) at pc=0x00007ffc4fa1158a]
VM state: not at safepoint (not fully initialized)

VM Mutex/Monitor currently owned by a thread:  ([mutex/lock_event])
[0x00007ffc503645c0] Heap_lock - owner thread: 0x00000159e408c3c0

Heap address: 0x0000000701e00000, size: 4066 MB, Compressed Oops mode: Zero based, Oop shift amount: 3

CDS archive(s) mapped at: [0x0000000000000000-0x0000000000000000-0x0000000000000000), size 0, SharedBaseAddress: 0x0000000800000000, ArchiveRelocationMode: 1.
UseCompressedClassPointers 1, UseCompactObjectHeaders 0
Narrow klass pointer bits 32, Max shift 3
Narrow klass base: 0xffffffffffffffff, Narrow klass shift: -1
Encoding Range: [0xffffffffffffffff - 0x000000007fffffff), (2147483648 bytes)
Klass Range:    [0x0000000000000000 - 0x0000000000000000), (0 bytes)
Klass ID Range:  [4294967295 - 0) (1)

GC Precious Log:
 CardTable entry size: 512
 Card Set container configuration: InlinePtr #cards 4 size 8 Array Of Cards #cards 16 size 48 Howl #buckets 8 coarsen threshold 3686 Howl Bitmap #cards 512 size 80 coarsen threshold 460 Card regions per heap region 1 cards per card region 4096

Heap:
 garbage-first heap   total reserved 4163584K, committed 0K, used 0K [0x0000000701e00000, 0x0000000800000000)
  region size 2048K, 0 young (0K), 0 survivors (0K)

[error occurred during error reporting (printing heap information), id 0xc0000005, EXCEPTION_ACCESS_VIOLATION (0xc0000005) at pc=0x00007ffc4fe2e579]
GC Heap History (0 events):
No events

Dll operation events (1 events):
Event: 0.060 Loaded shared library C:\Program Files\Java\jdk-24\bin\java.dll

Deoptimization events (0 events):
No events

Classes loaded (0 events):
No events

Classes unloaded (0 events):
No events

Classes redefined (0 events):
No events

Internal exceptions (0 events):
No events

VM Operations (0 events):
No events

Memory protections (0 events):
No events

Nmethod flushes (0 events):
No events

Events (0 events):
No events


Dynamic libraries:
0x00007ff758550000 - 0x00007ff758560000 	C:\Program Files\Java\jdk-24\bin\java.exe
0x00007ffce6830000 - 0x00007ffce6a28000 	C:\Windows\SYSTEM32\ntdll.dll
0x00007ffce5f60000 - 0x00007ffce6022000 	C:\Windows\System32\KERNEL32.DLL
0x00007ffce4090000 - 0x00007ffce4386000 	C:\Windows\System32\KERNELBASE.dll
0x00007ffce4390000 - 0x00007ffce4490000 	C:\Windows\System32\ucrtbase.dll
0x00007ffcde130000 - 0x00007ffcde14b000 	C:\Program Files\Java\jdk-24\bin\VCRUNTIME140.dll
0x00007ffcde180000 - 0x00007ffcde196000 	C:\Program Files\Java\jdk-24\bin\jli.dll
0x00007ffce5930000 - 0x00007ffce5acd000 	C:\Windows\System32\USER32.dll
0x00007ffce4030000 - 0x00007ffce4052000 	C:\Windows\System32\win32u.dll
0x00007ffce4a10000 - 0x00007ffce4a3b000 	C:\Windows\System32\GDI32.dll
0x00007ffce45d0000 - 0x00007ffce46e9000 	C:\Windows\System32\gdi32full.dll
0x00007ffce3f40000 - 0x00007ffce3fdd000 	C:\Windows\System32\msvcp_win.dll
0x00007ffcd0b30000 - 0x00007ffcd0dca000 	C:\Windows\WinSxS\amd64_microsoft.windows.common-controls_6595b64144ccf1df_6.0.19041.5915_none_60b4b9d171f9c7c7\COMCTL32.dll
0x00007ffce5670000 - 0x00007ffce570e000 	C:\Windows\System32\msvcrt.dll
0x00007ffce6030000 - 0x00007ffce605f000 	C:\Windows\System32\IMM32.DLL
0x00007ffcde160000 - 0x00007ffcde16c000 	C:\Program Files\Java\jdk-24\bin\vcruntime140_1.dll
0x00007ffcbf920000 - 0x00007ffcbf9ae000 	C:\Program Files\Java\jdk-24\bin\msvcp140.dll
0x00007ffc4f6a0000 - 0x00007ffc50442000 	C:\Program Files\Java\jdk-24\bin\server\jvm.dll
0x00007ffce5380000 - 0x00007ffce5431000 	C:\Windows\System32\ADVAPI32.dll
0x00007ffce5570000 - 0x00007ffce560f000 	C:\Windows\System32\sechost.dll
0x00007ffce5440000 - 0x00007ffce5563000 	C:\Windows\System32\RPCRT4.dll
0x00007ffce4060000 - 0x00007ffce4087000 	C:\Windows\System32\bcrypt.dll
0x00007ffce5c90000 - 0x00007ffce5cfb000 	C:\Windows\System32\WS2_32.dll
0x00007ffce3d20000 - 0x00007ffce3d6b000 	C:\Windows\SYSTEM32\POWRPROF.dll
0x00007ffccd410000 - 0x00007ffccd437000 	C:\Windows\SYSTEM32\WINMM.dll
0x00007ffcdc340000 - 0x00007ffcdc34a000 	C:\Windows\SYSTEM32\VERSION.dll
0x00007ffce3d00000 - 0x00007ffce3d12000 	C:\Windows\SYSTEM32\UMPDC.dll
0x00007ffce26e0000 - 0x00007ffce26f2000 	C:\Windows\SYSTEM32\kernel.appcore.dll
0x00007ffcdad30000 - 0x00007ffcdad3a000 	C:\Program Files\Java\jdk-24\bin\jimage.dll
0x00007ffce13f0000 - 0x00007ffce15f1000 	C:\Windows\SYSTEM32\DBGHELP.DLL
0x00007ffcc0460000 - 0x00007ffcc0494000 	C:\Windows\SYSTEM32\dbgcore.DLL
0x00007ffce4490000 - 0x00007ffce4512000 	C:\Windows\System32\bcryptPrimitives.dll
0x00007ffccae70000 - 0x00007ffccae8e000 	C:\Program Files\Java\jdk-24\bin\java.dll
0x00007ffce5b60000 - 0x00007ffce5c8b000 	C:\Windows\System32\ole32.dll
0x00007ffce4a40000 - 0x00007ffce4d93000 	C:\Windows\System32\combase.dll
0x00007ffce6060000 - 0x00007ffce67ce000 	C:\Windows\System32\SHELL32.dll

dbghelp: loaded successfully - version: 4.0.5 - missing functions: none
symbol engine: initialized successfully - sym options: 0x614 - pdb path: .;C:\Program Files\Java\jdk-24\bin;C:\Windows\SYSTEM32;C:\Windows\WinSxS\amd64_microsoft.windows.common-controls_6595b64144ccf1df_6.0.19041.5915_none_60b4b9d171f9c7c7;C:\Program Files\Java\jdk-24\bin\server

VM Arguments:
jvm_args: -Dfile.encoding=UTF-8 --enable-preview --module-path=C:\Users\LBC\OneDrive\Documents\NetBeansProjects\Gestion_Pressing\build\classes 
java_command: View.DashboardView
java_class_path (initial): C:\javafx-sdk-21.0.7\lib\javafx-swt.jar;C:\javafx-sdk-21.0.7\lib\javafx.base.jar;C:\javafx-sdk-21.0.7\lib\javafx.controls.jar;C:\javafx-sdk-21.0.7\lib\javafx.fxml.jar;C:\javafx-sdk-21.0.7\lib\javafx.graphics.jar;C:\javafx-sdk-21.0.7\lib\javafx.media.jar;C:\javafx-sdk-21.0.7\lib\javafx.swing.jar;C:\javafx-sdk-21.0.7\lib\javafx.web.jar;C:\Users\LBC\Downloads\mysql-connector-j-9.3.0\mysql-connector-j-9.3.0\mysql-connector-j-9.3.0.jar;C:\Users\LBC\OneDrive\Documents\NetBeansProjects\Gestion_Pressing\src\lib\jcommon-1.0.24.jar;C:\Users\LBC\Downloads\jfreechart-1.5.4.jar;C:\Users\LBC\OneDrive\Documents\NetBeansProjects\Gestion_Pressing\src\lib\jcalendar-1.1.4.jar;C:\Users\LBC\OneDrive\Documents\NetBeansProjects\Gestion_Pressing\build\classes
Launcher Type: SUN_STANDARD

[Global flags]
     intx CICompilerCount                          = 3                                         {product} {ergonomic}
     uint ConcGCThreads                            = 1                                         {product} {ergonomic}
     uint G1ConcRefinementThreads                  = 4                                         {product} {ergonomic}
   size_t G1HeapRegionSize                         = 2097152                                   {product} {ergonomic}
   size_t InitialHeapSize                          = 268435456                                 {product} {ergonomic}
   size_t MarkStackSize                            = 4194304                                   {product} {ergonomic}
   size_t MarkStackSizeMax                         = 536870912                                 {product} {ergonomic}
   size_t MaxHeapSize                              = 4263510016                                {product} {ergonomic}
   size_t MinHeapDeltaBytes                        = 2097152                                   {product} {ergonomic}
   size_t MinHeapSize                              = 8388608                                   {product} {ergonomic}
    uintx NonNMethodCodeHeapSize                   = 5832704                                {pd product} {ergonomic}
    uintx NonProfiledCodeHeapSize                  = 122945536                              {pd product} {ergonomic}
     bool PerfDisableSharedMem                     = true                                      {product} {ergonomic}
    uintx ProfiledCodeHeapSize                     = 122880000                              {pd product} {ergonomic}
    uintx ReservedCodeCacheSize                    = 251658240                              {pd product} {ergonomic}
     bool SegmentedCodeCache                       = true                                      {product} {ergonomic}
   size_t SoftMaxHeapSize                          = 4263510016                             {manageable} {ergonomic}
     bool UseCompressedOops                        = true                           {product lp64_product} {ergonomic}
     bool UseG1GC                                  = true                                      {product} {ergonomic}
     bool UseLargePagesIndividualAllocation        = false                                  {pd product} {ergonomic}

Logging:
Log output configuration:
 #0: stdout all=warning uptime,level,tags foldmultilines=false
 #1: stderr all=off uptime,level,tags foldmultilines=false

Environment Variables:
PATH=C:\Program Files\Python313\Scripts\;C:\Program Files\Python313\;C:\Program Files\Common Files\Oracle\Java\javapath;C:\Windows\system32;C:\Windows;C:\Windows\System32\Wbem;C:\Windows\System32\WindowsPowerShell\v1.0\;C:\Windows\System32\OpenSSH\;C:\Program Files\Git\cmd;C:\Program Files\nodejs\;C:\ProgramData\chocolatey\bin;C:\wamp64\bin\php\php7.4.33;C:\composer;C:\Users\LBC\AppData\Local\Microsoft\WindowsApps;C:\Users\LBC\AppData\Local\Programs\Microsoft VS Code\bin;C:\Users\LBC\AppData\Roaming\npm;C:\Program Files\nodejs;C:\Users\LBC\AppData\Roaming\Composer\vendor\bin;C:\Users\LBC\AppData\Local\Programs\cursor\resources\app\bin;C:\Program Files\PostgreSQL\17\bin;
USERNAME=Megui_rocha ????..!!
OS=Windows_NT
PROCESSOR_IDENTIFIER=Intel64 Family 6 Model 142 Stepping 9, GenuineIntel
TMP=C:\Users\LBC\AppData\Local\Temp
TEMP=C:\Users\LBC\AppData\Local\Temp




Periodic native trim disabled

---------------  S Y S T E M  ---------------

OS:
 Windows 10 , 64 bit Build 19041 (10.0.19041.5915)
OS uptime: 0 days 13:46 hours

CPU: total 4 (initial active 4) (2 cores per cpu, 2 threads per core) family 6 model 142 stepping 9 microcode 0xf6, cx8, cmov, fxsr, ht, mmx, 3dnowpref, sse, sse2, sse3, ssse3, sse4.1, sse4.2, popcnt, lzcnt, tsc, tscinvbit, avx, avx2, aes, erms, clmul, bmi1, bmi2, rtm, adx, fma, vzeroupper, clflush, clflushopt, rdtscp, f16c
Processor Information for the first 4 processors :
  Max Mhz: 2904, Current Mhz: 2803, Mhz Limit: 2787

Memory: 4k page, system-wide physical 16262M (1193M free)
TotalPageFile size 65414M (AvailPageFile size 232M)
current process WorkingSet (physical memory assigned to process): 11M, peak: 11M
current process commit charge ("private bytes"): 52M, peak: 308M

vm_info: Java HotSpot(TM) 64-Bit Server VM (24+36-3646) for windows-amd64 JRE (24+36-3646), built on 2025-02-06T00:20:43Z with MS VC++ 17.6 (VS2022)

END.
